<?xml version="1.0" encoding="UTF-8"?>
<!-- Generated by org.testng.reporters.JUnitReportReporter -->
<testsuite hostname="DN-AAVN-WS-003" failures="0" tests="1" name="TestCase_LoginFunction.TC_Login" time="1.746" errors="0" timestamp="2022-07-28T14:37:12 ICT" skipped="0">
  <testcase classname="TestCase_LoginFunction.TC_Login" name="login_Valid_User" time="1.746"/>
  <system-out/>
</testsuite> <!-- TestCase_LoginFunction.TC_Login -->
