<?xml version="1.0" encoding="UTF-8"?>
<!-- Generated by org.testng.reporters.JUnitReportReporter -->
<testsuite hostname="DN-AAVN-WS-003" failures="0" tests="1" name="TestCase.TC_Login" time="1.999" errors="0" timestamp="2022-07-28T14:33:44 ICT" skipped="0">
  <testcase classname="TestCase.TC_Login" name="login_Valid_User" time="1.999"/>
  <system-out/>
</testsuite> <!-- TestCase.TC_Login -->
